<?xml version="1.0" encoding="UTF-8"?>
<testsuite name="com.example.demo.DemoApplicationTests" tests="1" skipped="0" failures="0" errors="0" timestamp="2024-05-10T10:04:53" hostname="gimseunghoui-MacBookPro.local" time="0.344">
  <properties/>
  <testcase name="contextLoads()" classname="com.example.demo.DemoApplicationTests" time="0.344"/>
  <system-out><![CDATA[19:04:53.312 [Test worker] INFO org.springframework.test.context.support.AnnotationConfigContextLoaderUtils -- Could not detect default configuration classes for test class [com.example.demo.DemoApplicationTests]: DemoApplicationTests does not declare any static, non-private, non-final, nested classes annotated with @Configuration.
19:04:53.340 [Test worker] INFO org.springframework.boot.test.context.SpringBootTestContextBootstrapper -- Found @SpringBootConfiguration com.example.demo.DemoApplication for test class com.example.demo.DemoApplicationTests

  .   ____          _            __ _ _
 /\\ / ___'_ __ _ _(_)_ __  __ _ \ \ \ \
( ( )\___ | '_ | '_| | '_ \/ _` | \ \ \ \
 \\/  ___)| |_)| | | | | || (_| |  ) ) ) )
  '  |____| .__|_| |_|_| |_\__, | / / / /
 =========|_|==============|___/=/_/_/_/
?[32m :: Spring Boot :: ?[39m              ?[2m (v3.2.5)?[0;39m

?[2m2024-05-10T19:04:53.485+09:00?[0;39m ?[32m INFO?[0;39m ?[35m1378?[0;39m ?[2m---?[0;39m ?[2m[demo] [    Test worker]?[0;39m ?[2m?[0;39m?[36mcom.example.demo.DemoApplicationTests   ?[0;39m ?[2m:?[0;39m Starting DemoApplicationTests using Java 22.0.1 with PID 1378 (started by gimseungho in /Users/gimseungho/Desktop/ASAC/CICD_Practice/CICD)
?[2m2024-05-10T19:04:53.486+09:00?[0;39m ?[32m INFO?[0;39m ?[35m1378?[0;39m ?[2m---?[0;39m ?[2m[demo] [    Test worker]?[0;39m ?[2m?[0;39m?[36mcom.example.demo.DemoApplicationTests   ?[0;39m ?[2m:?[0;39m No active profile set, falling back to 1 default profile: "default"
?[2m2024-05-10T19:04:53.832+09:00?[0;39m ?[32m INFO?[0;39m ?[35m1378?[0;39m ?[2m---?[0;39m ?[2m[demo] [    Test worker]?[0;39m ?[2m?[0;39m?[36mcom.example.demo.DemoApplicationTests   ?[0;39m ?[2m:?[0;39m Started DemoApplicationTests in 0.448 seconds (process running for 0.788)
]]></system-out>
  <system-err><![CDATA[WARNING: A Java agent has been loaded dynamically (/Users/gimseungho/.gradle/caches/modules-2/files-2.1/net.bytebuddy/byte-buddy-agent/1.14.13/979ce25f7d3096a2e82214ba7dc972a05ce7a171/byte-buddy-agent-1.14.13.jar)
WARNING: If a serviceability tool is in use, please run with -XX:+EnableDynamicAgentLoading to hide this warning
WARNING: If a serviceability tool is not in use, please run with -Djdk.instrument.traceUsage for more information
WARNING: Dynamic loading of agents will be disallowed by default in a future release
]]></system-err>
</testsuite>
